<?xml version="1.0" encoding="UTF-8"?>
<!-- Generated by org.testng.reporters.JUnitReportReporter -->
<testsuite hostname="DESKTOP-137NM9T" failures="0" tests="1" name="com.TutorialNinja_TestCases.RegisterTest" time="11.425" errors="0" timestamp="2024-01-12T18:04:08 EST" skipped="0">
  <testcase classname="com.TutorialNinja_TestCases.RegisterTest" name="registerWithValidcredentials" time="11.425"/>
</testsuite> <!-- com.TutorialNinja_TestCases.RegisterTest -->
